Removed Member From Class: ClassName=schematic Member=*
Change Component Designator: OldDesignator=* NewDesignator=*1
Added Component: Designator=N1(NIXIE SOCKET)
Added Component: Designator=N(NIXIE SOCKET)
Added Pin To Net: NetName=Net*1_1 Pin=*1-1
Added Pin To Net: NetName=Net*1_1 Pin=N1-7
Added Net: Name=Net*1_1
Added Pin To Net: NetName=Net*1_2 Pin=*1-2
Added Pin To Net: NetName=Net*1_2 Pin=N1-8
Added Net: Name=Net*1_2
Added Pin To Net: NetName=Net*1_3 Pin=*1-3
Added Pin To Net: NetName=Net*1_3 Pin=N1-9
Added Net: Name=Net*1_3
Added Pin To Net: NetName=Net*1_4 Pin=*1-4
Added Pin To Net: NetName=Net*1_4 Pin=N1-10
Added Net: Name=Net*1_4
Added Pin To Net: NetName=Net*1_5 Pin=*1-5
Added Pin To Net: NetName=Net*1_5 Pin=N1-11
Added Net: Name=Net*1_5
Added Pin To Net: NetName=Net*1_6 Pin=*1-6
Added Pin To Net: NetName=Net*1_6 Pin=N1-2
Added Net: Name=Net*1_6
Added Pin To Net: NetName=Net*1_7 Pin=*1-7
Added Pin To Net: NetName=Net*1_7 Pin=N-12
Added Net: Name=Net*1_7
Added Pin To Net: NetName=Net*1_8 Pin=*1-8
Added Pin To Net: NetName=Net*1_8 Pin=N-3
Added Net: Name=Net*1_8
Added Pin To Net: NetName=Net*1_9 Pin=*1-9
Added Pin To Net: NetName=Net*1_9 Pin=N-4
Added Net: Name=Net*1_9
Added Pin To Net: NetName=Net*1_10 Pin=*1-10
Added Pin To Net: NetName=Net*1_10 Pin=N-5
Added Net: Name=Net*1_10
Added Pin To Net: NetName=Net*1_11 Pin=*1-11
Added Pin To Net: NetName=Net*1_11 Pin=N-6
Added Net: Name=Net*1_11
Added Pin To Net: NetName=Net*1_12 Pin=*1-12
Added Pin To Net: NetName=Net*1_12 Pin=N-7
Added Net: Name=Net*1_12
Added Pin To Net: NetName=Net*1_13 Pin=*1-13
Added Pin To Net: NetName=Net*1_13 Pin=N-8
Added Net: Name=Net*1_13
Added Pin To Net: NetName=Net*1_14 Pin=*1-14
Added Pin To Net: NetName=Net*1_14 Pin=N-9
Added Net: Name=Net*1_14
Added Pin To Net: NetName=Net*1_15 Pin=*1-15
Added Pin To Net: NetName=Net*1_15 Pin=N-10
Added Net: Name=Net*1_15
Added Pin To Net: NetName=Net*1_16 Pin=*1-16
Added Pin To Net: NetName=Net*1_16 Pin=N-11
Added Net: Name=Net*1_16
Added Pin To Net: NetName=Net*1_17 Pin=*1-17
Added Pin To Net: NetName=Net*1_17 Pin=N-2
Added Net: Name=Net*1_17
Added Pin To Net: NetName=Net*1_40 Pin=*1-40
Added Pin To Net: NetName=Net*1_40 Pin=N1-12
Added Net: Name=Net*1_40
Added Pin To Net: NetName=Net*1_41 Pin=*1-41
Added Pin To Net: NetName=Net*1_41 Pin=N1-3
Added Net: Name=Net*1_41
Added Pin To Net: NetName=Net*1_42 Pin=*1-42
Added Pin To Net: NetName=Net*1_42 Pin=N1-4
Added Net: Name=Net*1_42
Added Pin To Net: NetName=Net*1_43 Pin=*1-43
Added Pin To Net: NetName=Net*1_43 Pin=N1-5
Added Net: Name=Net*1_43
Added Pin To Net: NetName=Net*1_44 Pin=*1-44
Added Pin To Net: NetName=Net*1_44 Pin=N1-6
Added Net: Name=Net*1_44
Added Member To Class: ClassName=schematic Member=Component *1 HV5630PJ
Added Member To Class: ClassName=schematic Member=Component N1 nixie_socket
Added Member To Class: ClassName=schematic Member=Component N nixie_socket
