Removed Member From Class: ClassName=schematic Member=*1
Removed Member From Class: ClassName=schematic Member=N
Added Component: Designator=N2(NIXIE SOCKET)
Added Component: Designator=U1(HV5630PJ)
Added Pin To Net: NetName=NetN1_2 Pin=N1-2
Added Pin To Net: NetName=NetN1_2 Pin=U1-17
Added Net: Name=NetN1_2
Added Pin To Net: NetName=NetN1_3 Pin=N1-3
Added Pin To Net: NetName=NetN1_3 Pin=U1-8
Added Net: Name=NetN1_3
Added Pin To Net: NetName=NetN1_4 Pin=N1-4
Added Pin To Net: NetName=NetN1_4 Pin=U1-9
Added Net: Name=NetN1_4
Added Pin To Net: NetName=NetN1_5 Pin=N1-5
Added Pin To Net: NetName=NetN1_5 Pin=U1-10
Added Net: Name=NetN1_5
Added Pin To Net: NetName=NetN1_6 Pin=N1-6
Added Pin To Net: NetName=NetN1_6 Pin=U1-11
Added Net: Name=NetN1_6
Added Pin To Net: NetName=NetN1_7 Pin=N1-7
Added Pin To Net: NetName=NetN1_7 Pin=U1-12
Added Net: Name=NetN1_7
Added Pin To Net: NetName=NetN1_8 Pin=N1-8
Added Pin To Net: NetName=NetN1_8 Pin=U1-13
Added Net: Name=NetN1_8
Added Pin To Net: NetName=NetN1_9 Pin=N1-9
Added Pin To Net: NetName=NetN1_9 Pin=U1-14
Added Net: Name=NetN1_9
Added Pin To Net: NetName=NetN1_10 Pin=N1-10
Added Pin To Net: NetName=NetN1_10 Pin=U1-15
Added Net: Name=NetN1_10
Added Pin To Net: NetName=NetN1_11 Pin=N1-11
Added Pin To Net: NetName=NetN1_11 Pin=U1-16
Added Net: Name=NetN1_11
Added Pin To Net: NetName=NetN1_12 Pin=N1-12
Added Pin To Net: NetName=NetN1_12 Pin=U1-7
Added Net: Name=NetN1_12
Added Pin To Net: NetName=NetN2_2 Pin=N2-2
Added Pin To Net: NetName=NetN2_2 Pin=U1-6
Added Net: Name=NetN2_2
Added Pin To Net: NetName=NetN2_3 Pin=N2-3
Added Pin To Net: NetName=NetN2_3 Pin=U1-41
Added Net: Name=NetN2_3
Added Pin To Net: NetName=NetN2_4 Pin=N2-4
Added Pin To Net: NetName=NetN2_4 Pin=U1-42
Added Net: Name=NetN2_4
Added Pin To Net: NetName=NetN2_5 Pin=N2-5
Added Pin To Net: NetName=NetN2_5 Pin=U1-43
Added Net: Name=NetN2_5
Added Pin To Net: NetName=NetN2_6 Pin=N2-6
Added Pin To Net: NetName=NetN2_6 Pin=U1-44
Added Net: Name=NetN2_6
Added Pin To Net: NetName=NetN2_7 Pin=N2-7
Added Pin To Net: NetName=NetN2_7 Pin=U1-1
Added Net: Name=NetN2_7
Added Pin To Net: NetName=NetN2_8 Pin=N2-8
Added Pin To Net: NetName=NetN2_8 Pin=U1-2
Added Net: Name=NetN2_8
Added Pin To Net: NetName=NetN2_9 Pin=N2-9
Added Pin To Net: NetName=NetN2_9 Pin=U1-3
Added Net: Name=NetN2_9
Added Pin To Net: NetName=NetN2_10 Pin=N2-10
Added Pin To Net: NetName=NetN2_10 Pin=U1-4
Added Net: Name=NetN2_10
Added Pin To Net: NetName=NetN2_11 Pin=N2-11
Added Pin To Net: NetName=NetN2_11 Pin=U1-5
Added Net: Name=NetN2_11
Added Pin To Net: NetName=NetN2_12 Pin=N2-12
Added Pin To Net: NetName=NetN2_12 Pin=U1-40
Added Net: Name=NetN2_12
Added Member To Class: ClassName=schematic Member=Component N2 nixie_socket
Added Member To Class: ClassName=schematic Member=Component U1 HV5630PJ
